{
  "0 debug pnpm:scope": {
    "selected": 1
  },
  "1 error pnpm": {
    "code": "ELIFECYCLE",
    "errno": "ENOENT",
    "syscall": "spawn",
    "file": "sh",
    "pkgid": "coinos@0.0.1",
    "stage": "start",
    "script": "nodemon index.js",
    "pkgname": "coinos",
    "err": {
      "name": "pnpm",
      "message": "coinos@0.0.1 start: `nodemon index.js`\nspawn ENOENT",
      "code": "ELIFECYCLE",
      "stack": "pnpm: coinos@0.0.1 start: `nodemon index.js`\nspawn ENOENT\n    at ChildProcess.<anonymous> (/usr/local/lib/node_modules/pnpm/dist/pnpm.cjs:92977:22)\n    at ChildProcess.emit (node:events:394:28)\n    at maybeClose (node:internal/child_process:1067:16)\n    at Process.ChildProcess._handle.onexit (node:internal/child_process:301:5)"
    }
  },
  "2 warn pnpm:global": " Local package.json exists, but node_modules missing, did you mean to install?"
}